2023-02-04 11:31:08,664 - mmcls - INFO - Environment info:
------------------------------------------------------------
sys.platform: linux
Python: 3.8.16 (default, Jan 17 2023, 23:13:24) [GCC 11.2.0]
CUDA available: True
GPU 0: NVIDIA GeForce RTX 3090
CUDA_HOME: /data/apps/cuda/11.6
NVCC: Cuda compilation tools, release 11.6, V11.6.112
GCC: gcc (GCC) 9.3.0
PyTorch: 1.13.1
PyTorch compiling details: PyTorch built with:
  - GCC 9.3
  - C++ Version: 201402
  - Intel(R) oneAPI Math Kernel Library Version 2021.4-Product Build 20210904 for Intel(R) 64 architecture applications
  - Intel(R) MKL-DNN v2.6.0 (Git Hash 52b5f107dd9cf10910aaa19cb47f3abf9b349815)
  - OpenMP 201511 (a.k.a. OpenMP 4.5)
  - LAPACK is enabled (usually provided by MKL)
  - NNPACK is enabled
  - CPU capability usage: AVX2
  - CUDA Runtime 11.6
  - NVCC architecture flags: -gencode;arch=compute_37,code=sm_37;-gencode;arch=compute_50,code=sm_50;-gencode;arch=compute_60,code=sm_60;-gencode;arch=compute_61,code=sm_61;-gencode;arch=compute_70,code=sm_70;-gencode;arch=compute_75,code=sm_75;-gencode;arch=compute_80,code=sm_80;-gencode;arch=compute_86,code=sm_86;-gencode;arch=compute_37,code=compute_37
  - CuDNN 8.3.2  (built against CUDA 11.5)
  - Magma 2.6.1
  - Build settings: BLAS_INFO=mkl, BUILD_TYPE=Release, CUDA_VERSION=11.6, CUDNN_VERSION=8.3.2, CXX_COMPILER=/opt/rh/devtoolset-9/root/usr/bin/c++, CXX_FLAGS= -fabi-version=11 -Wno-deprecated -fvisibility-inlines-hidden -DUSE_PTHREADPOOL -fopenmp -DNDEBUG -DUSE_KINETO -DUSE_FBGEMM -DUSE_QNNPACK -DUSE_PYTORCH_QNNPACK -DUSE_XNNPACK -DSYMBOLICATE_MOBILE_DEBUG_HANDLE -DEDGE_PROFILER_USE_KINETO -O2 -fPIC -Wno-narrowing -Wall -Wextra -Werror=return-type -Werror=non-virtual-dtor -Wno-missing-field-initializers -Wno-type-limits -Wno-array-bounds -Wno-unknown-pragmas -Wunused-local-typedefs -Wno-unused-parameter -Wno-unused-function -Wno-unused-result -Wno-strict-overflow -Wno-strict-aliasing -Wno-error=deprecated-declarations -Wno-stringop-overflow -Wno-psabi -Wno-error=pedantic -Wno-error=redundant-decls -Wno-error=old-style-cast -fdiagnostics-color=always -faligned-new -Wno-unused-but-set-variable -Wno-maybe-uninitialized -fno-math-errno -fno-trapping-math -Werror=format -Werror=cast-function-type -Wno-stringop-overflow, LAPACK_INFO=mkl, PERF_WITH_AVX=1, PERF_WITH_AVX2=1, PERF_WITH_AVX512=1, TORCH_VERSION=1.13.1, USE_CUDA=ON, USE_CUDNN=ON, USE_EXCEPTION_PTR=1, USE_GFLAGS=OFF, USE_GLOG=OFF, USE_MKL=ON, USE_MKLDNN=ON, USE_MPI=OFF, USE_NCCL=ON, USE_NNPACK=ON, USE_OPENMP=ON, USE_ROCM=OFF, 

TorchVision: 0.14.1
OpenCV: 4.7.0
MMCV: 1.7.1
MMCV Compiler: GCC 9.3
MMCV CUDA Compiler: 11.6
MMClassification: 0.25.0+3d4f80d
------------------------------------------------------------

2023-02-04 11:31:08,666 - mmcls - INFO - Distributed training: False
2023-02-04 11:31:08,763 - mmcls - INFO - Config:
model = dict(
    type='ImageClassifier',
    backbone=dict(
        type='ResNet',
        depth=18,
        num_stages=4,
        out_indices=(3, ),
        style='pytorch'),
    neck=dict(type='GlobalAveragePooling'),
    head=dict(
        type='LinearClsHead',
        num_classes=5,
        in_channels=512,
        loss=dict(type='CrossEntropyLoss', loss_weight=1.0),
        topk=(1, )))
dataset_type = 'ImageNet'
img_norm_cfg = dict(
    mean=[123.675, 116.28, 103.53], std=[58.395, 57.12, 57.375], to_rgb=True)
train_pipeline = [
    dict(type='LoadImageFromFile'),
    dict(type='RandomResizedCrop', size=224),
    dict(type='RandomFlip', flip_prob=0.5, direction='horizontal'),
    dict(
        type='Normalize',
        mean=[123.675, 116.28, 103.53],
        std=[58.395, 57.12, 57.375],
        to_rgb=True),
    dict(type='ImageToTensor', keys=['img']),
    dict(type='ToTensor', keys=['gt_label']),
    dict(type='Collect', keys=['img', 'gt_label'])
]
test_pipeline = [
    dict(type='LoadImageFromFile'),
    dict(type='Resize', size=(256, -1)),
    dict(type='CenterCrop', crop_size=224),
    dict(
        type='Normalize',
        mean=[123.675, 116.28, 103.53],
        std=[58.395, 57.12, 57.375],
        to_rgb=True),
    dict(type='ImageToTensor', keys=['img']),
    dict(type='Collect', keys=['img'])
]
data = dict(
    samples_per_gpu=32,
    workers_per_gpu=2,
    train=dict(
        type='ImageNet',
        data_prefix='data/flower/train',
        pipeline=[
            dict(type='LoadImageFromFile'),
            dict(type='RandomResizedCrop', size=224),
            dict(type='RandomFlip', flip_prob=0.5, direction='horizontal'),
            dict(
                type='Normalize',
                mean=[123.675, 116.28, 103.53],
                std=[58.395, 57.12, 57.375],
                to_rgb=True),
            dict(type='ImageToTensor', keys=['img']),
            dict(type='ToTensor', keys=['gt_label']),
            dict(type='Collect', keys=['img', 'gt_label'])
        ],
        ann_file='data/flower/train.txt',
        classes='data/flower/classes.txt'),
    val=dict(
        type='ImageNet',
        data_prefix='data/flower/val',
        ann_file='data/flower/val.txt',
        pipeline=[
            dict(type='LoadImageFromFile'),
            dict(type='Resize', size=(256, -1)),
            dict(type='CenterCrop', crop_size=224),
            dict(
                type='Normalize',
                mean=[123.675, 116.28, 103.53],
                std=[58.395, 57.12, 57.375],
                to_rgb=True),
            dict(type='ImageToTensor', keys=['img']),
            dict(type='Collect', keys=['img'])
        ],
        classes='data/flower/classes.txt'),
    test=dict(
        type='ImageNet',
        data_prefix='data/imagenet/val',
        ann_file='data/imagenet/meta/val.txt',
        pipeline=[
            dict(type='LoadImageFromFile'),
            dict(type='Resize', size=(256, -1)),
            dict(type='CenterCrop', crop_size=224),
            dict(
                type='Normalize',
                mean=[123.675, 116.28, 103.53],
                std=[58.395, 57.12, 57.375],
                to_rgb=True),
            dict(type='ImageToTensor', keys=['img']),
            dict(type='Collect', keys=['img'])
        ]))
evaluation = dict(interval=1, metric='accuracy')
checkpoint_config = dict(interval=1)
log_config = dict(interval=100, hooks=[dict(type='TextLoggerHook')])
dist_params = dict(backend='nccl')
log_level = 'INFO'
load_from = '/HOME/scz4239/run/mmclassification/configs/resnet18/checkpoints/resnet18_batch256_imagenet_20200708-34ab8f90.pth'
resume_from = None
workflow = [('train', 1)]
optimizer = dict(type='SGD', lr=0.001, momentum=0.9, weight_decay=0.0001)
optimizer_config = dict(grad_clip=None)
lr_config = dict(policy='step', step=[1])
runner = dict(type='EpochBasedRunner', max_epochs=100)
work_dir = 'work/resnet18_b32_flower'
gpu_ids = [0]

2023-02-04 11:31:08,763 - mmcls - INFO - Set random seed to 913782982, deterministic: False
2023-02-04 11:31:10,734 - mmcls - INFO - load checkpoint from local path: /HOME/scz4239/run/mmclassification/configs/resnet18/checkpoints/resnet18_batch256_imagenet_20200708-34ab8f90.pth
2023-02-04 11:31:10,836 - mmcls - WARNING - The model and loaded state dict do not match exactly

size mismatch for head.fc.weight: copying a param with shape torch.Size([1000, 512]) from checkpoint, the shape in current model is torch.Size([5, 512]).
size mismatch for head.fc.bias: copying a param with shape torch.Size([1000]) from checkpoint, the shape in current model is torch.Size([5]).
2023-02-04 11:31:10,837 - mmcls - INFO - Start running, host: scz4239@g0097, work_dir: /data/run01/scz4239/mmclassification/work/resnet18_b32_flower
2023-02-04 11:31:10,838 - mmcls - INFO - Hooks will be executed in the following order:
before_run:
(VERY_HIGH   ) StepLrUpdaterHook                  
(NORMAL      ) CheckpointHook                     
(LOW         ) EvalHook                           
(VERY_LOW    ) TextLoggerHook                     
 -------------------- 
before_train_epoch:
(VERY_HIGH   ) StepLrUpdaterHook                  
(LOW         ) IterTimerHook                      
(LOW         ) EvalHook                           
(VERY_LOW    ) TextLoggerHook                     
 -------------------- 
before_train_iter:
(VERY_HIGH   ) StepLrUpdaterHook                  
(LOW         ) IterTimerHook                      
(LOW         ) EvalHook                           
 -------------------- 
after_train_iter:
(ABOVE_NORMAL) OptimizerHook                      
(NORMAL      ) CheckpointHook                     
(LOW         ) IterTimerHook                      
(LOW         ) EvalHook                           
(VERY_LOW    ) TextLoggerHook                     
 -------------------- 
after_train_epoch:
(NORMAL      ) CheckpointHook                     
(LOW         ) EvalHook                           
(VERY_LOW    ) TextLoggerHook                     
 -------------------- 
before_val_epoch:
(LOW         ) IterTimerHook                      
(VERY_LOW    ) TextLoggerHook                     
 -------------------- 
before_val_iter:
(LOW         ) IterTimerHook                      
 -------------------- 
after_val_iter:
(LOW         ) IterTimerHook                      
 -------------------- 
after_val_epoch:
(VERY_LOW    ) TextLoggerHook                     
 -------------------- 
after_run:
(VERY_LOW    ) TextLoggerHook                     
 -------------------- 
2023-02-04 11:31:10,838 - mmcls - INFO - workflow: [('train', 1)], max: 100 epochs
2023-02-04 11:31:10,838 - mmcls - INFO - Checkpoints will be saved to /data/run01/scz4239/mmclassification/work/resnet18_b32_flower by HardDiskBackend.
2023-02-04 11:31:21,463 - mmcls - INFO - Saving checkpoint at 1 epochs
2023-02-04 11:31:22,892 - mmcls - INFO - Epoch(val) [1][18]	accuracy_top-1: 91.9580, accuracy_top-5: 100.0000
2023-02-04 11:31:28,316 - mmcls - INFO - Saving checkpoint at 2 epochs
2023-02-04 11:31:29,355 - mmcls - INFO - Epoch(val) [2][18]	accuracy_top-1: 92.4825, accuracy_top-5: 100.0000
2023-02-04 11:31:34,773 - mmcls - INFO - Saving checkpoint at 3 epochs
2023-02-04 11:31:35,744 - mmcls - INFO - Epoch(val) [3][18]	accuracy_top-1: 92.3077, accuracy_top-5: 100.0000
2023-02-04 11:31:41,144 - mmcls - INFO - Saving checkpoint at 4 epochs
2023-02-04 11:31:42,113 - mmcls - INFO - Epoch(val) [4][18]	accuracy_top-1: 92.8322, accuracy_top-5: 100.0000
2023-02-04 11:31:47,505 - mmcls - INFO - Saving checkpoint at 5 epochs
2023-02-04 11:31:48,477 - mmcls - INFO - Epoch(val) [5][18]	accuracy_top-1: 92.4825, accuracy_top-5: 100.0000
2023-02-04 11:31:53,873 - mmcls - INFO - Saving checkpoint at 6 epochs
2023-02-04 11:31:54,847 - mmcls - INFO - Epoch(val) [6][18]	accuracy_top-1: 92.4825, accuracy_top-5: 100.0000
2023-02-04 11:32:00,270 - mmcls - INFO - Saving checkpoint at 7 epochs
2023-02-04 11:32:01,242 - mmcls - INFO - Epoch(val) [7][18]	accuracy_top-1: 92.6573, accuracy_top-5: 100.0000
2023-02-04 11:32:06,624 - mmcls - INFO - Saving checkpoint at 8 epochs
2023-02-04 11:32:07,590 - mmcls - INFO - Epoch(val) [8][18]	accuracy_top-1: 93.1818, accuracy_top-5: 100.0000
2023-02-04 11:32:13,007 - mmcls - INFO - Saving checkpoint at 9 epochs
2023-02-04 11:32:13,984 - mmcls - INFO - Epoch(val) [9][18]	accuracy_top-1: 93.0070, accuracy_top-5: 100.0000
2023-02-04 11:32:19,401 - mmcls - INFO - Saving checkpoint at 10 epochs
2023-02-04 11:32:20,370 - mmcls - INFO - Epoch(val) [10][18]	accuracy_top-1: 93.5315, accuracy_top-5: 100.0000
2023-02-04 11:32:25,813 - mmcls - INFO - Saving checkpoint at 11 epochs
2023-02-04 11:32:26,779 - mmcls - INFO - Epoch(val) [11][18]	accuracy_top-1: 94.4056, accuracy_top-5: 100.0000
2023-02-04 11:32:32,163 - mmcls - INFO - Saving checkpoint at 12 epochs
2023-02-04 11:32:33,128 - mmcls - INFO - Epoch(val) [12][18]	accuracy_top-1: 93.7063, accuracy_top-5: 100.0000
2023-02-04 11:32:38,554 - mmcls - INFO - Saving checkpoint at 13 epochs
2023-02-04 11:32:39,529 - mmcls - INFO - Epoch(val) [13][18]	accuracy_top-1: 93.8811, accuracy_top-5: 100.0000
2023-02-04 11:32:44,921 - mmcls - INFO - Saving checkpoint at 14 epochs
2023-02-04 11:32:45,889 - mmcls - INFO - Epoch(val) [14][18]	accuracy_top-1: 93.1818, accuracy_top-5: 100.0000
2023-02-04 11:32:51,293 - mmcls - INFO - Saving checkpoint at 15 epochs
2023-02-04 11:32:52,259 - mmcls - INFO - Epoch(val) [15][18]	accuracy_top-1: 93.8811, accuracy_top-5: 100.0000
2023-02-04 11:32:57,637 - mmcls - INFO - Saving checkpoint at 16 epochs
2023-02-04 11:32:58,601 - mmcls - INFO - Epoch(val) [16][18]	accuracy_top-1: 94.5804, accuracy_top-5: 100.0000
2023-02-04 11:33:04,015 - mmcls - INFO - Saving checkpoint at 17 epochs
2023-02-04 11:33:04,977 - mmcls - INFO - Epoch(val) [17][18]	accuracy_top-1: 94.5804, accuracy_top-5: 100.0000
2023-02-04 11:33:10,413 - mmcls - INFO - Saving checkpoint at 18 epochs
2023-02-04 11:33:11,385 - mmcls - INFO - Epoch(val) [18][18]	accuracy_top-1: 93.7063, accuracy_top-5: 100.0000
2023-02-04 11:33:16,784 - mmcls - INFO - Saving checkpoint at 19 epochs
2023-02-04 11:33:17,759 - mmcls - INFO - Epoch(val) [19][18]	accuracy_top-1: 94.2308, accuracy_top-5: 100.0000
2023-02-04 11:33:23,174 - mmcls - INFO - Saving checkpoint at 20 epochs
2023-02-04 11:33:24,146 - mmcls - INFO - Epoch(val) [20][18]	accuracy_top-1: 94.2308, accuracy_top-5: 100.0000
2023-02-04 11:33:29,556 - mmcls - INFO - Saving checkpoint at 21 epochs
2023-02-04 11:33:30,524 - mmcls - INFO - Epoch(val) [21][18]	accuracy_top-1: 94.0559, accuracy_top-5: 100.0000
2023-02-04 11:33:35,958 - mmcls - INFO - Saving checkpoint at 22 epochs
2023-02-04 11:33:36,928 - mmcls - INFO - Epoch(val) [22][18]	accuracy_top-1: 94.0559, accuracy_top-5: 100.0000
2023-02-04 11:33:42,316 - mmcls - INFO - Saving checkpoint at 23 epochs
2023-02-04 11:33:43,287 - mmcls - INFO - Epoch(val) [23][18]	accuracy_top-1: 94.5804, accuracy_top-5: 100.0000
2023-02-04 11:33:48,702 - mmcls - INFO - Saving checkpoint at 24 epochs
2023-02-04 11:33:49,665 - mmcls - INFO - Epoch(val) [24][18]	accuracy_top-1: 94.5804, accuracy_top-5: 100.0000
2023-02-04 11:33:55,115 - mmcls - INFO - Saving checkpoint at 25 epochs
2023-02-04 11:33:56,083 - mmcls - INFO - Epoch(val) [25][18]	accuracy_top-1: 94.7552, accuracy_top-5: 100.0000
2023-02-04 11:34:01,487 - mmcls - INFO - Saving checkpoint at 26 epochs
2023-02-04 11:34:02,460 - mmcls - INFO - Epoch(val) [26][18]	accuracy_top-1: 94.0559, accuracy_top-5: 100.0000
2023-02-04 11:34:07,850 - mmcls - INFO - Saving checkpoint at 27 epochs
2023-02-04 11:34:08,817 - mmcls - INFO - Epoch(val) [27][18]	accuracy_top-1: 94.2308, accuracy_top-5: 100.0000
2023-02-04 11:34:14,207 - mmcls - INFO - Saving checkpoint at 28 epochs
2023-02-04 11:34:15,176 - mmcls - INFO - Epoch(val) [28][18]	accuracy_top-1: 94.2308, accuracy_top-5: 100.0000
2023-02-04 11:34:20,601 - mmcls - INFO - Saving checkpoint at 29 epochs
2023-02-04 11:34:21,573 - mmcls - INFO - Epoch(val) [29][18]	accuracy_top-1: 94.4056, accuracy_top-5: 100.0000
2023-02-04 11:34:26,970 - mmcls - INFO - Saving checkpoint at 30 epochs
2023-02-04 11:34:27,941 - mmcls - INFO - Epoch(val) [30][18]	accuracy_top-1: 94.5804, accuracy_top-5: 100.0000
2023-02-04 11:34:33,350 - mmcls - INFO - Saving checkpoint at 31 epochs
2023-02-04 11:34:34,320 - mmcls - INFO - Epoch(val) [31][18]	accuracy_top-1: 94.0559, accuracy_top-5: 100.0000
2023-02-04 11:34:39,694 - mmcls - INFO - Saving checkpoint at 32 epochs
2023-02-04 11:34:40,667 - mmcls - INFO - Epoch(val) [32][18]	accuracy_top-1: 94.4056, accuracy_top-5: 100.0000
2023-02-04 11:34:46,064 - mmcls - INFO - Saving checkpoint at 33 epochs
2023-02-04 11:34:47,033 - mmcls - INFO - Epoch(val) [33][18]	accuracy_top-1: 93.8811, accuracy_top-5: 100.0000
2023-02-04 11:34:52,468 - mmcls - INFO - Saving checkpoint at 34 epochs
2023-02-04 11:34:53,439 - mmcls - INFO - Epoch(val) [34][18]	accuracy_top-1: 94.7552, accuracy_top-5: 100.0000
2023-02-04 11:34:58,865 - mmcls - INFO - Saving checkpoint at 35 epochs
2023-02-04 11:34:59,834 - mmcls - INFO - Epoch(val) [35][18]	accuracy_top-1: 94.2308, accuracy_top-5: 100.0000
2023-02-04 11:35:05,250 - mmcls - INFO - Saving checkpoint at 36 epochs
2023-02-04 11:35:06,225 - mmcls - INFO - Epoch(val) [36][18]	accuracy_top-1: 94.5804, accuracy_top-5: 100.0000
2023-02-04 11:35:11,667 - mmcls - INFO - Saving checkpoint at 37 epochs
2023-02-04 11:35:12,639 - mmcls - INFO - Epoch(val) [37][18]	accuracy_top-1: 94.4056, accuracy_top-5: 100.0000
2023-02-04 11:35:18,077 - mmcls - INFO - Saving checkpoint at 38 epochs
2023-02-04 11:35:19,044 - mmcls - INFO - Epoch(val) [38][18]	accuracy_top-1: 94.4056, accuracy_top-5: 100.0000
2023-02-04 11:35:24,438 - mmcls - INFO - Saving checkpoint at 39 epochs
2023-02-04 11:35:25,410 - mmcls - INFO - Epoch(val) [39][18]	accuracy_top-1: 94.4056, accuracy_top-5: 100.0000
2023-02-04 11:35:30,830 - mmcls - INFO - Saving checkpoint at 40 epochs
2023-02-04 11:35:31,805 - mmcls - INFO - Epoch(val) [40][18]	accuracy_top-1: 94.4056, accuracy_top-5: 100.0000
2023-02-04 11:35:37,210 - mmcls - INFO - Saving checkpoint at 41 epochs
2023-02-04 11:35:38,183 - mmcls - INFO - Epoch(val) [41][18]	accuracy_top-1: 94.5804, accuracy_top-5: 100.0000
2023-02-04 11:35:43,615 - mmcls - INFO - Saving checkpoint at 42 epochs
2023-02-04 11:35:44,583 - mmcls - INFO - Epoch(val) [42][18]	accuracy_top-1: 94.0559, accuracy_top-5: 100.0000
2023-02-04 11:35:49,955 - mmcls - INFO - Saving checkpoint at 43 epochs
2023-02-04 11:35:50,925 - mmcls - INFO - Epoch(val) [43][18]	accuracy_top-1: 94.7552, accuracy_top-5: 100.0000
2023-02-04 11:35:56,397 - mmcls - INFO - Saving checkpoint at 44 epochs
2023-02-04 11:35:57,373 - mmcls - INFO - Epoch(val) [44][18]	accuracy_top-1: 94.2308, accuracy_top-5: 100.0000
2023-02-04 11:36:02,751 - mmcls - INFO - Saving checkpoint at 45 epochs
2023-02-04 11:36:03,722 - mmcls - INFO - Epoch(val) [45][18]	accuracy_top-1: 94.5804, accuracy_top-5: 100.0000
2023-02-04 11:36:09,140 - mmcls - INFO - Saving checkpoint at 46 epochs
2023-02-04 11:36:10,118 - mmcls - INFO - Epoch(val) [46][18]	accuracy_top-1: 94.7552, accuracy_top-5: 100.0000
2023-02-04 11:36:15,505 - mmcls - INFO - Saving checkpoint at 47 epochs
2023-02-04 11:36:16,476 - mmcls - INFO - Epoch(val) [47][18]	accuracy_top-1: 94.5804, accuracy_top-5: 100.0000
2023-02-04 11:36:21,912 - mmcls - INFO - Saving checkpoint at 48 epochs
2023-02-04 11:36:22,875 - mmcls - INFO - Epoch(val) [48][18]	accuracy_top-1: 94.4056, accuracy_top-5: 100.0000
2023-02-04 11:36:28,304 - mmcls - INFO - Saving checkpoint at 49 epochs
2023-02-04 11:36:29,279 - mmcls - INFO - Epoch(val) [49][18]	accuracy_top-1: 94.4056, accuracy_top-5: 100.0000
2023-02-04 11:36:34,749 - mmcls - INFO - Saving checkpoint at 50 epochs
2023-02-04 11:36:35,723 - mmcls - INFO - Epoch(val) [50][18]	accuracy_top-1: 94.0559, accuracy_top-5: 100.0000
2023-02-04 11:36:41,156 - mmcls - INFO - Saving checkpoint at 51 epochs
2023-02-04 11:36:42,134 - mmcls - INFO - Epoch(val) [51][18]	accuracy_top-1: 94.5804, accuracy_top-5: 100.0000
2023-02-04 11:36:47,545 - mmcls - INFO - Saving checkpoint at 52 epochs
2023-02-04 11:36:48,524 - mmcls - INFO - Epoch(val) [52][18]	accuracy_top-1: 94.5804, accuracy_top-5: 100.0000
2023-02-04 11:36:53,956 - mmcls - INFO - Saving checkpoint at 53 epochs
2023-02-04 11:36:54,920 - mmcls - INFO - Epoch(val) [53][18]	accuracy_top-1: 94.4056, accuracy_top-5: 100.0000
2023-02-04 11:37:00,371 - mmcls - INFO - Saving checkpoint at 54 epochs
2023-02-04 11:37:01,347 - mmcls - INFO - Epoch(val) [54][18]	accuracy_top-1: 94.7552, accuracy_top-5: 100.0000
2023-02-04 11:37:06,766 - mmcls - INFO - Saving checkpoint at 55 epochs
2023-02-04 11:37:07,741 - mmcls - INFO - Epoch(val) [55][18]	accuracy_top-1: 94.9301, accuracy_top-5: 100.0000
2023-02-04 11:37:13,137 - mmcls - INFO - Saving checkpoint at 56 epochs
2023-02-04 11:37:14,103 - mmcls - INFO - Epoch(val) [56][18]	accuracy_top-1: 94.2308, accuracy_top-5: 100.0000
2023-02-04 11:37:19,582 - mmcls - INFO - Saving checkpoint at 57 epochs
2023-02-04 11:37:20,551 - mmcls - INFO - Epoch(val) [57][18]	accuracy_top-1: 94.2308, accuracy_top-5: 100.0000
2023-02-04 11:37:25,973 - mmcls - INFO - Saving checkpoint at 58 epochs
2023-02-04 11:37:26,941 - mmcls - INFO - Epoch(val) [58][18]	accuracy_top-1: 94.9301, accuracy_top-5: 100.0000
2023-02-04 11:37:32,364 - mmcls - INFO - Saving checkpoint at 59 epochs
2023-02-04 11:37:33,330 - mmcls - INFO - Epoch(val) [59][18]	accuracy_top-1: 94.7552, accuracy_top-5: 100.0000
2023-02-04 11:37:38,792 - mmcls - INFO - Saving checkpoint at 60 epochs
2023-02-04 11:37:39,758 - mmcls - INFO - Epoch(val) [60][18]	accuracy_top-1: 94.9301, accuracy_top-5: 100.0000
2023-02-04 11:37:45,237 - mmcls - INFO - Saving checkpoint at 61 epochs
2023-02-04 11:37:46,206 - mmcls - INFO - Epoch(val) [61][18]	accuracy_top-1: 94.7552, accuracy_top-5: 100.0000
2023-02-04 11:37:51,640 - mmcls - INFO - Saving checkpoint at 62 epochs
2023-02-04 11:37:52,613 - mmcls - INFO - Epoch(val) [62][18]	accuracy_top-1: 94.4056, accuracy_top-5: 100.0000
2023-02-04 11:37:58,033 - mmcls - INFO - Saving checkpoint at 63 epochs
2023-02-04 11:37:59,010 - mmcls - INFO - Epoch(val) [63][18]	accuracy_top-1: 94.4056, accuracy_top-5: 100.0000
2023-02-04 11:38:04,435 - mmcls - INFO - Saving checkpoint at 64 epochs
2023-02-04 11:38:05,403 - mmcls - INFO - Epoch(val) [64][18]	accuracy_top-1: 94.5804, accuracy_top-5: 100.0000
2023-02-04 11:38:10,843 - mmcls - INFO - Saving checkpoint at 65 epochs
2023-02-04 11:38:11,819 - mmcls - INFO - Epoch(val) [65][18]	accuracy_top-1: 94.4056, accuracy_top-5: 100.0000
2023-02-04 11:38:17,233 - mmcls - INFO - Saving checkpoint at 66 epochs
2023-02-04 11:38:18,196 - mmcls - INFO - Epoch(val) [66][18]	accuracy_top-1: 94.9301, accuracy_top-5: 100.0000
2023-02-04 11:38:23,661 - mmcls - INFO - Saving checkpoint at 67 epochs
2023-02-04 11:38:24,639 - mmcls - INFO - Epoch(val) [67][18]	accuracy_top-1: 94.0559, accuracy_top-5: 100.0000
2023-02-04 11:38:30,069 - mmcls - INFO - Saving checkpoint at 68 epochs
2023-02-04 11:38:31,052 - mmcls - INFO - Epoch(val) [68][18]	accuracy_top-1: 94.4056, accuracy_top-5: 100.0000
2023-02-04 11:38:36,501 - mmcls - INFO - Saving checkpoint at 69 epochs
2023-02-04 11:38:37,475 - mmcls - INFO - Epoch(val) [69][18]	accuracy_top-1: 94.7552, accuracy_top-5: 100.0000
2023-02-04 11:38:42,922 - mmcls - INFO - Saving checkpoint at 70 epochs
2023-02-04 11:38:43,885 - mmcls - INFO - Epoch(val) [70][18]	accuracy_top-1: 93.8811, accuracy_top-5: 100.0000
2023-02-04 11:38:49,374 - mmcls - INFO - Saving checkpoint at 71 epochs
2023-02-04 11:38:50,347 - mmcls - INFO - Epoch(val) [71][18]	accuracy_top-1: 94.5804, accuracy_top-5: 100.0000
2023-02-04 11:38:55,775 - mmcls - INFO - Saving checkpoint at 72 epochs
2023-02-04 11:38:56,743 - mmcls - INFO - Epoch(val) [72][18]	accuracy_top-1: 95.1049, accuracy_top-5: 100.0000
2023-02-04 11:39:02,191 - mmcls - INFO - Saving checkpoint at 73 epochs
2023-02-04 11:39:03,164 - mmcls - INFO - Epoch(val) [73][18]	accuracy_top-1: 94.9301, accuracy_top-5: 100.0000
2023-02-04 11:39:08,609 - mmcls - INFO - Saving checkpoint at 74 epochs
2023-02-04 11:39:09,575 - mmcls - INFO - Epoch(val) [74][18]	accuracy_top-1: 94.4056, accuracy_top-5: 100.0000
2023-02-04 11:39:15,006 - mmcls - INFO - Saving checkpoint at 75 epochs
2023-02-04 11:39:15,981 - mmcls - INFO - Epoch(val) [75][18]	accuracy_top-1: 94.4056, accuracy_top-5: 100.0000
2023-02-04 11:39:21,413 - mmcls - INFO - Saving checkpoint at 76 epochs
2023-02-04 11:39:22,385 - mmcls - INFO - Epoch(val) [76][18]	accuracy_top-1: 94.7552, accuracy_top-5: 100.0000
2023-02-04 11:39:27,818 - mmcls - INFO - Saving checkpoint at 77 epochs
2023-02-04 11:39:28,796 - mmcls - INFO - Epoch(val) [77][18]	accuracy_top-1: 94.7552, accuracy_top-5: 100.0000
2023-02-04 11:39:34,211 - mmcls - INFO - Saving checkpoint at 78 epochs
2023-02-04 11:39:35,180 - mmcls - INFO - Epoch(val) [78][18]	accuracy_top-1: 95.6294, accuracy_top-5: 100.0000
2023-02-04 11:39:40,594 - mmcls - INFO - Saving checkpoint at 79 epochs
2023-02-04 11:39:41,573 - mmcls - INFO - Epoch(val) [79][18]	accuracy_top-1: 94.5804, accuracy_top-5: 100.0000
2023-02-04 11:39:47,011 - mmcls - INFO - Saving checkpoint at 80 epochs
2023-02-04 11:39:47,983 - mmcls - INFO - Epoch(val) [80][18]	accuracy_top-1: 94.0559, accuracy_top-5: 100.0000
2023-02-04 11:39:53,407 - mmcls - INFO - Saving checkpoint at 81 epochs
2023-02-04 11:39:54,380 - mmcls - INFO - Epoch(val) [81][18]	accuracy_top-1: 95.1049, accuracy_top-5: 100.0000
2023-02-04 11:39:59,782 - mmcls - INFO - Saving checkpoint at 82 epochs
2023-02-04 11:40:00,747 - mmcls - INFO - Epoch(val) [82][18]	accuracy_top-1: 94.4056, accuracy_top-5: 100.0000
2023-02-04 11:40:06,215 - mmcls - INFO - Saving checkpoint at 83 epochs
2023-02-04 11:40:07,188 - mmcls - INFO - Epoch(val) [83][18]	accuracy_top-1: 95.1049, accuracy_top-5: 100.0000
2023-02-04 11:40:12,599 - mmcls - INFO - Saving checkpoint at 84 epochs
2023-02-04 11:40:13,579 - mmcls - INFO - Epoch(val) [84][18]	accuracy_top-1: 94.4056, accuracy_top-5: 100.0000
2023-02-04 11:40:19,042 - mmcls - INFO - Saving checkpoint at 85 epochs
2023-02-04 11:40:20,014 - mmcls - INFO - Epoch(val) [85][18]	accuracy_top-1: 94.5804, accuracy_top-5: 100.0000
2023-02-04 11:40:25,455 - mmcls - INFO - Saving checkpoint at 86 epochs
2023-02-04 11:40:26,422 - mmcls - INFO - Epoch(val) [86][18]	accuracy_top-1: 94.9301, accuracy_top-5: 100.0000
2023-02-04 11:40:31,843 - mmcls - INFO - Saving checkpoint at 87 epochs
2023-02-04 11:40:32,808 - mmcls - INFO - Epoch(val) [87][18]	accuracy_top-1: 94.9301, accuracy_top-5: 100.0000
2023-02-04 11:40:38,224 - mmcls - INFO - Saving checkpoint at 88 epochs
2023-02-04 11:40:39,195 - mmcls - INFO - Epoch(val) [88][18]	accuracy_top-1: 94.7552, accuracy_top-5: 100.0000
2023-02-04 11:40:44,667 - mmcls - INFO - Saving checkpoint at 89 epochs
2023-02-04 11:40:45,639 - mmcls - INFO - Epoch(val) [89][18]	accuracy_top-1: 94.5804, accuracy_top-5: 100.0000
2023-02-04 11:40:51,055 - mmcls - INFO - Saving checkpoint at 90 epochs
2023-02-04 11:40:52,028 - mmcls - INFO - Epoch(val) [90][18]	accuracy_top-1: 94.9301, accuracy_top-5: 100.0000
2023-02-04 11:40:57,439 - mmcls - INFO - Saving checkpoint at 91 epochs
2023-02-04 11:40:58,406 - mmcls - INFO - Epoch(val) [91][18]	accuracy_top-1: 94.7552, accuracy_top-5: 100.0000
2023-02-04 11:41:03,840 - mmcls - INFO - Saving checkpoint at 92 epochs
2023-02-04 11:41:04,814 - mmcls - INFO - Epoch(val) [92][18]	accuracy_top-1: 95.1049, accuracy_top-5: 100.0000
2023-02-04 11:41:10,217 - mmcls - INFO - Saving checkpoint at 93 epochs
2023-02-04 11:41:11,188 - mmcls - INFO - Epoch(val) [93][18]	accuracy_top-1: 94.4056, accuracy_top-5: 100.0000
2023-02-04 11:41:16,623 - mmcls - INFO - Saving checkpoint at 94 epochs
2023-02-04 11:41:17,592 - mmcls - INFO - Epoch(val) [94][18]	accuracy_top-1: 95.2797, accuracy_top-5: 100.0000
2023-02-04 11:41:23,040 - mmcls - INFO - Saving checkpoint at 95 epochs
2023-02-04 11:41:24,017 - mmcls - INFO - Epoch(val) [95][18]	accuracy_top-1: 95.1049, accuracy_top-5: 100.0000
2023-02-04 11:41:29,508 - mmcls - INFO - Saving checkpoint at 96 epochs
2023-02-04 11:41:30,491 - mmcls - INFO - Epoch(val) [96][18]	accuracy_top-1: 95.1049, accuracy_top-5: 100.0000
2023-02-04 11:41:35,910 - mmcls - INFO - Saving checkpoint at 97 epochs
2023-02-04 11:41:36,886 - mmcls - INFO - Epoch(val) [97][18]	accuracy_top-1: 94.9301, accuracy_top-5: 100.0000
2023-02-04 11:41:42,349 - mmcls - INFO - Saving checkpoint at 98 epochs
2023-02-04 11:41:43,332 - mmcls - INFO - Epoch(val) [98][18]	accuracy_top-1: 94.4056, accuracy_top-5: 100.0000
2023-02-04 11:41:48,763 - mmcls - INFO - Saving checkpoint at 99 epochs
2023-02-04 11:41:49,733 - mmcls - INFO - Epoch(val) [99][18]	accuracy_top-1: 94.9301, accuracy_top-5: 100.0000
2023-02-04 11:41:55,152 - mmcls - INFO - Saving checkpoint at 100 epochs
2023-02-04 11:41:56,124 - mmcls - INFO - Epoch(val) [100][18]	accuracy_top-1: 95.4545, accuracy_top-5: 100.0000
